[Info] [carb] Logging to file: /home/nalini/miniconda3/envs/franka_isaac/lib/python3.11/site-packages/isaacsim/kit/logs/Kit/Isaac-Sim Python/5.1/kit_20260512_204205.log
[0.025s] [ext: omni.kit.async_engine-0.0.3] startup
[0.069s] [ext: omni.metrics.core-0.0.3] startup
[0.069s] [ext: omni.client.lib-1.1.0] startup
[0.078s] [ext: omni.blobkey-1.1.2] startup
[0.078s] [ext: omni.stats-1.0.1] startup
[0.079s] [ext: omni.datastore-0.0.0] startup
[0.083s] [ext: omni.client-1.3.0] startup
[0.086s] [ext: omni.ujitso.default-1.0.0] startup
[0.087s] [ext: omni.hsscclient-1.1.2] startup
[0.089s] [ext: omni.gpu_foundation.shadercache.vulkan-1.0.0] startup
[0.090s] [ext: omni.assets.plugins-0.0.0] startup
[0.091s] [ext: omni.gpu_foundation-0.0.0] startup
[0.096s] [ext: carb.windowing.plugins-1.0.0] startup
[0.105s] [ext: omni.kit.renderer.init-0.0.0] startup
2026-05-13T00:42:06Z [360ms] [Warning] [gpu.foundation.plugin] Skipping unsupported non-NVIDIA GPU: Intel(R) Graphics (ARL)
2026-05-13T00:42:06Z [360ms] [Warning] [gpu.foundation.plugin] Skipping unsupported non-NVIDIA GPU: Intel(R) Graphics (ARL)

|---------------------------------------------------------------------------------------------|
| Driver Version: 590.48.01     | Graphics API: Vulkan
|=============================================================================================|
| GPU | Name                             | Active | LDA | GPU Memory | Vendor-ID | LUID       |
|     |                                  |        |     |            | Device-ID | UUID       |
|     |                                  |        |     |            | Bus-ID    |            |
|---------------------------------------------------------------------------------------------|
| 0   | NVIDIA GeForce RTX 5090          | Yes: 0 |     | 32607   MB | 10de      | 0          |
|     |                                  |        |     |            | 2b85      | 75afcedc.. |
|     |                                  |        |     |            | 2         |            |
|---------------------------------------------------------------------------------------------|
| 1   | Intel(R) Graphics (ARL)          |        |     | 47759   MB | 8086      | 0          |
|     |                                  |        |     |            | 7d67      | 8680677d.. |
|     |                                  |        |     |            | 0         |            |
|=============================================================================================|
| OS: 24.04.4 LTS (Noble Numbat) ubuntu, Version: 24.04.4, Kernel: 6.17.0-22-generic
| XServer Vendor: The X.Org Foundation, XServer Version: 12101011 (1.21.1.11)
| Processor: Intel(R) Core(TM) Ultra 9 285K
| Cores: 24 | Logical Cores: 24
|---------------------------------------------------------------------------------------------|
| Total Memory (MB): 63678 | Free Memory: 46199
| Total Page/Swap (MB): 8191 | Free Page/Swap: 8191
|---------------------------------------------------------------------------------------------|
2026-05-13T00:42:06Z [624ms] [Warning] [gpu.foundation.plugin] CPU performance profile is set to powersave. This profile sets the CPU to the lowest frequency reducing performance.
2026-05-13T00:42:06Z [637ms] [Warning] [gpu.foundation.plugin] IOMMU is enabled.
2026-05-13T00:42:06Z [637ms] [Warning] [gpu.foundation.plugin] Detected IOMMU is enabled. Running CUDA peer-to-peer bandwidth and latency validation.
Unidirectional P2P=Enabled Bandwidth (P2P Writes) Matrix (GB/s)
   D\D     0 
     0 1519.25 
P2P=Enabled Latency (P2P Writes) Matrix (us)
   GPU     0 
     0   2.07 

   CPU     0 
     0   1.61 
[0.776s] [ext: omni.materialx.libs-1.0.7] startup
[0.781s] [ext: omni.kit.telemetry-0.5.2] startup
[0.813s] [ext: omni.usd.config-1.0.6] startup
[0.815s] [ext: omni.gpucompute.plugins-0.0.0] startup
[0.816s] [ext: omni.usd.libs-1.0.1] startup
[0.872s] [ext: omni.kit.loop-isaac-1.3.7] startup
[0.872s] [ext: omni.kit.test-2.0.1] startup
[0.898s] [ext: omni.mdl-56.0.3] startup
[0.910s] [ext: omni.iray.libs-0.0.0] startup
[0.914s] [ext: omni.mdl.neuraylib-0.2.12] startup
[0.916s] [ext: omni.kit.usd.mdl-1.1.5] startup
[0.975s] [ext: omni.kit.pipapi-0.0.0] startup
[0.975s] [ext: omni.appwindow-1.1.10] startup
[0.976s] [ext: omni.kit.renderer.core-1.1.0] startup
[1.199s] [ext: omni.kit.renderer.capture-0.0.0] startup
[1.201s] [ext: omni.kit.renderer.imgui-2.0.5] startup
[1.468s] [ext: omni.ui-2.27.1] startup
[1.475s] [ext: omni.kit.mainwindow-1.0.3] startup
[1.475s] [ext: carb.audio-0.1.0] startup
[1.478s] [ext: omni.uiaudio-1.0.0] startup
[1.478s] [ext: omni.kit.uiapp-0.0.0] startup
[1.478s] [ext: omni.usd.schema.metrics.assembler-107.3.1] startup
[1.480s] [ext: omni.usd.schema.physx-107.3.26] startup
[1.499s] [ext: omni.usd.schema.geospatial-0.0.0] startup
[1.500s] [ext: omni.usd.schema.audio-0.0.0] startup
[1.502s] [ext: omni.usd.schema.anim-0.0.0] startup
[1.513s] [ext: omni.usd.schema.flow-107.1.1] startup
[1.513s] [ext: omni.usd_resolver-1.0.0] startup
[1.515s] [ext: omni.usd.core-1.5.3] startup
[1.517s] [ext: omni.usd.schema.omni_sensors-0.0.0] startup
[1.530s] [ext: omni.usd.schema.semantics-0.0.0] startup
[1.531s] [ext: omni.usd.schema.omniscripting-1.0.0] startup
[1.534s] [ext: omni.usd.schema.omni_lens_distortion-0.0.0] startup
[1.534s] [ext: omni.usd.schema.omnigraph-1.0.0] startup
[1.537s] [ext: omni.kit.window.popup_dialog-2.0.24] startup
[1.539s] [ext: omni.graph.exec-0.9.6] startup
[1.539s] [ext: omni.kit.widget.nucleus_connector-2.0.1] startup
[1.541s] [ext: omni.kit.usd_undo-0.1.8] startup
[1.541s] [ext: omni.kit.exec.core-0.13.4] startup
[1.542s] [ext: omni.kit.actions.core-1.0.0] startup
[1.543s] [ext: omni.resourcemonitor-107.0.1] startup
[1.544s] [ext: omni.activity.core-1.0.3] startup
[1.545s] [ext: omni.timeline-1.0.14] startup
[1.545s] [ext: omni.kit.commands-1.4.10] startup
[1.547s] [ext: usdrt.scenegraph-7.6.1] startup
[1.568s] [ext: omni.kit.audiodeviceenum-1.0.2] startup
[1.569s] [ext: omni.hydra.usdrt_delegate-7.5.1] startup
[1.573s] [ext: omni.hydra.scene_delegate-0.3.4] startup
[1.575s] [ext: omni.usd-1.13.10] startup
[1.591s] [ext: omni.inspect-1.0.2] startup
[1.592s] [ext: omni.kit.notification_manager-1.0.10] startup
[1.593s] [ext: omni.graph.core-2.184.5] startup
[1.594s] [ext: isaacsim.core.deprecation_manager-0.2.7] startup
[1.595s] [ext: omni.anim.graph.schema-107.3.3] startup
[1.599s] [ext: omni.usd.schema.isaac-3.0.5] startup
[1.599s] [ext: omni.anim.navigation.schema-107.3.3] startup
[1.601s] [ext: omni.kit.asset_converter-5.0.17] startup
[1.609s] [ext: isaacsim.robot.schema-3.6.0] startup
[1.614s] [ext: omni.usd.schema.render_settings.rtx-0.0.0] startup
[1.615s] [ext: omni.kit.menu.core-1.1.2] startup
[1.615s] [ext: omni.kit.widget.path_field-2.0.11] startup
[1.616s] [ext: omni.kit.widget.context_menu-1.2.5] startup
[1.616s] [ext: omni.kit.widget.browser_bar-2.0.10] startup
[1.617s] [ext: omni.kit.clipboard-1.0.5] startup
[1.617s] [ext: omni.kit.numpy.common-0.1.3] startup
[1.618s] [ext: omni.kit.widget.options_menu-1.1.6] startup
[1.619s] [ext: omni.kit.helper.file_utils-0.1.9] startup
[1.620s] [ext: omni.ui.scene-1.11.5] startup
[1.623s] [ext: omni.kit.widget.options_button-1.0.3] startup
[1.623s] [ext: omni.kit.widget.filebrowser-2.12.3] startup
[1.625s] [ext: omni.kit.usd.layers-2.2.11] startup
[1.630s] [ext: omni.kit.window.filepicker-2.13.4] startup
[1.637s] [ext: omni.kit.hotkeys.core-1.3.10] startup
[1.639s] [ext: omni.kit.context_menu-1.8.6] startup
[1.640s] [ext: omni.kit.property.adapter.core-1.0.2] startup
[1.641s] [ext: omni.kit.window.file_exporter-1.0.33] startup
[1.642s] [ext: omni.kit.widget.searchfield-1.1.8] startup
[1.643s] [ext: omni.kit.widget.filter-1.1.4] startup
[1.643s] [ext: omni.kit.widget.graph-2.0.0] startup
[1.646s] [ext: omni.kit.widget.stage-3.1.4] startup
[1.652s] [ext: omni.kit.property.adapter.usd-1.0.2] startup
[1.652s] [ext: omni.kit.property.adapter.fabric-1.0.3] startup
[1.653s] [ext: omni.kit.graph.delegate.default-1.2.3] startup
[1.653s] [ext: omni.kit.window.file_importer-1.1.18] startup
[1.653s] [ext: omni.kit.stage_template.core-1.1.22] startup
[1.654s] [ext: omni.kit.menu.utils-2.0.5] startup
[1.656s] [ext: omni.kit.window.file-2.0.5] startup
[1.658s] [ext: omni.kit.widget.highlight_label-1.0.3] startup
[1.658s] [ext: omni.kit.window.drop_support-1.0.5] startup
[1.658s] [ext: omni.kit.window.content_browser_registry-0.0.6] startup
[1.659s] [ext: omni.kit.window.property-1.12.1] startup
[1.660s] [ext: omni.kit.window.content_browser-3.1.3] startup
[1.666s] [ext: isaacsim.core.version-2.0.6] startup
[1.666s] [ext: omni.kit.property.usd-4.5.12] startup
[1.672s] [ext: omni.kit.graph.editor.core-1.5.3] startup
[1.673s] [ext: omni.kit.material.library-2.0.7] startup
[1.676s] [ext: omni.kit.graph.usd.commands-1.3.1] startup
[1.676s] [ext: omni.kvdb-107.3.26] startup
[1.677s] [ext: omni.usdphysics-107.3.26] startup
[1.679s] [ext: omni.physx.foundation-107.3.26] startup
[1.680s] [ext: omni.localcache-107.3.26] startup
[1.680s] [ext: omni.convexdecomposition-107.3.26] startup
[1.682s] [ext: omni.physics-107.3.26] startup
[1.684s] [ext: omni.physx.cooking-107.3.26] startup
[1.685s] [ext: omni.physics.stageupdate-107.3.26] startup
[1.687s] [ext: omni.physx-107.3.26] startup
[1.693s] [ext: omni.index.libs-380600.8087.0] startup
[1.693s] [ext: omni.physics.physx-107.3.26] startup
2026-05-13T00:42:07Z [1,684ms] [Warning] [carb] Acquiring non optional plugin interface which is not listed as dependency: [omni::physx::IPhysxBenchmarks v1.0] (plugin: <default plugin>), by client: omni.physics.physx.plugin. Add it to CARB_PLUGIN_IMPL_DEPS() macro of a client.
[1.694s] [ext: omni.index-1.0.1] startup
[1.694s] [ext: omni.volume-0.5.2] startup
[1.696s] [ext: omni.ujitso.client-0.0.0] startup
[1.696s] [ext: omni.hydra.rtx.shadercache.vulkan-1.0.0] startup
[1.696s] [ext: omni.kit.widget.searchable_combobox-1.0.6] startup
[1.697s] [ext: omni.hydra.rtx-1.0.0] startup
2026-05-13T00:42:07Z [1,699ms] [Warning] [omni.log] Source: omni.hydra was already registered.
[1.718s] [ext: omni.kit.widget.settings-1.2.6] startup
[1.719s] [ext: omni.kit.hydra_texture-1.4.6] startup
[1.722s] [ext: omni.graph.tools-1.79.2] startup
[1.735s] [ext: omni.kit.window.preferences-1.8.0] startup
[1.738s] [ext: omni.kit.widget.material_preview-1.0.16] startup
[1.739s] [ext: omni.graph-1.141.2] startup
[1.762s] [ext: omni.kit.window.material_graph-1.9.1] startup
[1.766s] [ext: omni.isaac.dynamic_control-2.0.7] startup
2026-05-13T00:42:07Z [1,760ms] [Warning] [omni.isaac.dynamic_control] omni.isaac.dynamic_control is deprecated as of Isaac Sim 4.5. No action is needed from end-users.
[1.770s] [ext: isaacsim.storage.native-1.5.1] startup
[1.775s] [ext: omni.graph.scriptnode-1.50.0] startup
[1.776s] [ext: omni.hydra.engine.stats-1.0.3] startup
[1.779s] [ext: omni.kit.viewport.legacy_gizmos-1.0.19] startup
[1.780s] [ext: omni.kit.raycast.query-1.1.0] startup
[1.784s] [ext: omni.graph.action_core-1.1.7] startup
[1.785s] [ext: omni.kit.viewport.scene_camera_model-1.0.6] startup
[1.789s] [ext: omni.graph.image.core-0.6.1] startup
[1.790s] [ext: omni.kit.widget.viewport-107.1.3] startup
[1.795s] [ext: omni.kit.viewport.registry-104.0.6] startup
[1.796s] [ext: omni.usd.metrics.assembler-107.3.1] startup
[1.798s] [ext: omni.kit.viewport.window-107.2.0] startup
[1.809s] [ext: omni.kit.viewport.menubar.core-107.2.1] startup
[1.816s] [ext: omni.graph.image.nodes-1.3.1] startup
[1.817s] [ext: omni.usd.metrics.assembler.physics-107.3.26] startup
[1.818s] [ext: omni.warp.core-1.8.2] startup
[1.912s] [ext: omni.kit.viewport.utility-1.1.2] startup
[1.913s] [ext: omni.physics.tensors-107.3.26] startup
[1.917s] [ext: omni.syntheticdata-0.6.13] startup
[1.931s] [ext: isaacsim.test.docstring-1.1.0] startup
[1.934s] [ext: isaacsim.core.utils-3.5.1] startup
[1.936s] [ext: omni.physx.tensors-107.3.26] startup
[1.982s] [ext: omni.graph.nodes-1.170.10] startup
[1.989s] [ext: omni.graph.action_nodes-1.50.4] startup
[1.991s] [ext: omni.kit.primitive.mesh-1.0.17] startup
[1.995s] [ext: isaacsim.core.simulation_manager-1.4.4] startup
[2.158s] [ext: omni.graph.ui_nodes-1.50.5] startup
[2.162s] [ext: omni.graph.action-1.130.0] startup
[2.163s] [ext: omni.kit.stage_templates-2.0.0] startup
[2.166s] [ext: isaacsim.core.prims-0.6.1] startup
[2.182s] [ext: omni.warp-1.8.2] startup
[2.187s] [ext: omni.videoencoding-0.1.2] startup
[2.190s] [ext: isaacsim.core.api-4.8.0] startup
[2.202s] [ext: isaacsim.core.experimental.utils-0.3.0] startup
[2.206s] [ext: omni.replicator.core-1.12.27] startup
2026-05-13T00:42:07Z [2,208ms] [Warning] [pxr.Semantics] pxr.Semantics is deprecated - please use Semantics instead
2026-05-13T00:42:08Z [2,371ms] [Warning] [omni.graph.core.plugin] Found duplicate of category 'Replicator' - was 'Annotators', adding 'Fabric Reader'
2026-05-13T00:42:08Z [2,371ms] [Warning] [omni.graph.core.plugin] Category 'Replicator' not accepted on node type 'omni.replicator.core.FabricReader' in extension 'omni.replicator.core'
2026-05-13T00:42:08Z [2,372ms] [Warning] [omni.replicator.core.scripts.extension] No material configuration file, adding configuration to material settings directly.
[2.384s] [ext: isaacsim.core.experimental.prims-0.8.1] startup
[2.409s] [ext: omni.kit.window.extensions-1.4.27] startup
[2.416s] [ext: isaacsim.core.experimental.objects-0.4.0] startup
[2.420s] [ext: omni.ui_query-1.1.8] startup
[2.423s] [ext: omni.kit.manipulator.viewport-107.0.1] startup
[2.424s] [ext: isaacsim.robot.surface_gripper-3.3.1] startup
[2.429s] [ext: omni.kit.ui_test-1.3.7] startup
[2.432s] [ext: omni.graph.visualization.nodes-2.1.3] startup
[2.533s] [ext: isaacsim.robot_motion.lula-4.0.8] startup
[2.540s] [ext: isaacsim.core.nodes-3.4.3] startup
[2.568s] [ext: isaacsim.gui.components-1.2.1] startup
[2.685s] [ext: isaacsim.robot_motion.motion_generation-8.0.26] startup
[2.752s] [ext: isaacsim.robot.manipulators-3.3.6] startup
[2.764s] [ext: isaacsim.core.experimental.materials-0.4.0] startup
[2.779s] [ext: isaacsim.robot.manipulators.examples-1.1.2] startup
[2.784s] [ext: isaacsim.cortex.framework-1.0.12] startup
[2.789s] [ext: isaacsim.cortex.behaviors-2.0.14] startup
[2.792s] [ext: omni.isaac.cortex.sample_behaviors-2.0.5] startup
2026-05-13T00:42:08Z [2,786ms] [Warning] [omni.isaac.cortex] omni.isaac.cortex has been deprecated in favor of isaacsim.cortex.framework. Please update your code accordingly.
2026-05-13T00:42:08Z [2,788ms] [Warning] [omni.isaac.cortex.sample_behaviors] omni.isaac.cortex.sample_behaviors has been deprecated in favor of isaacsim.cortex.behaviors. Please update your code accordingly.
[2.797s] [ext: omni.kit.widget.zoombar-1.0.6] startup
[2.801s] [ext: isaacsim.gui.content_browser-0.1.11] startup
[2.804s] [ext: omni.kit.browser.core-2.3.13] startup
[2.810s] [ext: omni.kit.widget.stage_icons-1.0.8] startup
[2.813s] [ext: omni.kit.widget.prompt-1.0.7] startup
[2.814s] [ext: omni.kit.usd.collect-2.4.5] startup
[2.821s] [ext: omni.kit.browser.folder.core-1.10.9] startup
[2.827s] [ext: omni.kit.window.stage-2.6.1] startup
[2.834s] [ext: omni.kit.usdz_export-1.0.9] startup
[2.839s] [ext: omni.kit.tool.collect-2.2.18] startup
[2.843s] [ext: omni.kit.menu.stage-1.2.7] startup
[2.845s] [ext: omni.kit.tool.asset_importer-4.3.2] startup
[2.854s] [ext: isaacsim.robot.wheeled_robots-4.0.24] startup
[2.858s] [ext: isaacsim.examples.browser-0.2.1] startup
[2.862s] [ext: isaacsim.asset.importer.urdf-2.4.30] startup
[2.932s] [ext: omni.isaac.wheeled_robots-3.0.7] startup
2026-05-13T00:42:08Z [2,924ms] [Warning] [omni.isaac.wheeled_robots] omni.isaac.wheeled_robots has been deprecated in favor of isaacsim.robot.wheeled_robots. Please update your code accordingly.
2026-05-13T00:42:08Z [2,924ms] [Warning] [omni.isaac.wheeled_robots.controllers] omni.isaac.wheeled_robots has been deprecated in favor of isaacsim.robot.wheeled_robots. Please update your code accordingly.
2026-05-13T00:42:08Z [2,924ms] [Warning] [omni.isaac.wheeled_robots.controllers.ackermann_controller] omni.isaac.wheeled_robots has been deprecated in favor of isaacsim.robot.wheeled_robots. Please update your code accordingly.
2026-05-13T00:42:08Z [2,924ms] [Warning] [omni.isaac.wheeled_robots.controllers.differential_controller] omni.isaac.wheeled_robots has been deprecated in favor of isaacsim.robot.wheeled_robots. Please update your code accordingly.
2026-05-13T00:42:08Z [2,924ms] [Warning] [omni.isaac.wheeled_robots.controllers.holonomic_controller] omni.isaac.wheeled_robots has been deprecated in favor of isaacsim.robot.wheeled_robots. Please update your code accordingly.
2026-05-13T00:42:08Z [2,925ms] [Warning] [omni.isaac.wheeled_robots.controllers.quintic_path_planner] omni.isaac.wheeled_robots has been deprecated in favor of isaacsim.robot.wheeled_robots. Please update your code accordingly.
2026-05-13T00:42:08Z [2,925ms] [Warning] [omni.isaac.wheeled_robots.controllers.stanley_control] omni.isaac.wheeled_robots has been deprecated in favor of isaacsim.robot.wheeled_robots. Please update your code accordingly.
2026-05-13T00:42:08Z [2,925ms] [Warning] [omni.isaac.wheeled_robots.controllers.wheel_base_pose_controller] omni.isaac.wheeled_robots has been deprecated in favor of isaacsim.robot.wheeled_robots. Please update your code accordingly.
2026-05-13T00:42:08Z [2,925ms] [Warning] [omni.isaac.wheeled_robots.impl] omni.isaac.wheeled_robots has been deprecated in favor of isaacsim.robot.wheeled_robots. Please update your code accordingly.
2026-05-13T00:42:08Z [2,925ms] [Warning] [omni.isaac.wheeled_robots.robots] omni.isaac.wheeled_robots has been deprecated in favor of isaacsim.robot.wheeled_robots. Please update your code accordingly.
2026-05-13T00:42:08Z [2,925ms] [Warning] [omni.isaac.wheeled_robots.robots.holonomic_robot_usd_setup] omni.isaac.wheeled_robots has been deprecated in favor of isaacsim.robot.wheeled_robots. Please update your code accordingly.
2026-05-13T00:42:08Z [2,925ms] [Warning] [omni.isaac.wheeled_robots.robots.wheeled_robot] omni.isaac.wheeled_robots has been deprecated in favor of isaacsim.robot.wheeled_robots. Please update your code accordingly.
[2.935s] [ext: isaacsim.simulation_app-2.12.2] startup
[2.936s] [ext: omni.isaac.franka-1.0.7] startup
2026-05-13T00:42:08Z [2,928ms] [Warning] [omni.isaac.franka] omni.isaac.franka has been deprecated in favor of isaacsim.robot.manipulators.examples.franka. Please update your code accordingly.
2026-05-13T00:42:08Z [2,928ms] [Warning] [omni.isaac.franka.franka] omni.isaac.franka has been deprecated in favor of isaacsim.robot.manipulators.examples.franka. Please update your code accordingly.
2026-05-13T00:42:08Z [2,939ms] [Warning] [omni.isaac.franka.kinematics_solver] omni.isaac.franka has been deprecated in favor of isaacsim.robot.manipulators.examples.franka. Please update your code accordingly.
[2.950s] [ext: omni.isaac.kit-2.0.6] startup
2026-05-13T00:42:08Z [2,944ms] [Warning] [omni.isaac.kit] omni.isaac.kit has been deprecated in favor of isaacsim.simulation_app. Please update your code accordingly.
[2.955s] [ext: omni.kit.selection-0.1.6] startup
[2.956s] [ext: omni.isaac.lula-4.0.6] startup
2026-05-13T00:42:08Z [2,948ms] [Warning] [omni.isaac.lula] omni.isaac.lula has been deprecated in favor of isaacsim.robot_motion.lula. Please update your code accordingly.
[2.957s] [ext: isaacsim.robot_motion.lula_test_widget-1.0.12] startup
[2.959s] [ext: isaacsim.asset.browser-1.3.23] startup
[2.989s] [ext: omni.kit.viewport.actions-107.0.2] startup
[2.992s] [ext: isaacsim.gui.menu-2.4.4] startup
[2.996s] [ext: omni.isaac.manipulators-3.0.7] startup
2026-05-13T00:42:08Z [2,988ms] [Warning] [omni.isaac.manipulators] omni.isaac.manipulators has been deprecated in favor of isaacsim.robot.manipulators. Please update your code accordingly.
2026-05-13T00:42:08Z [2,988ms] [Warning] [omni.isaac.manipulators.controllers] omni.isaac.manipulators has been deprecated in favor of isaacsim.robot.manipulators. Please update your code accordingly.
2026-05-13T00:42:08Z [2,988ms] [Warning] [omni.isaac.manipulators.controllers.pick_place_controller] omni.isaac.manipulators has been deprecated in favor of isaacsim.robot.manipulators. Please update your code accordingly.
2026-05-13T00:42:08Z [2,988ms] [Warning] [omni.isaac.manipulators.controllers.stacking_controller] omni.isaac.manipulators has been deprecated in favor of isaacsim.robot.manipulators. Please update your code accordingly.
2026-05-13T00:42:08Z [2,988ms] [Warning] [omni.isaac.manipulators.grippers] omni.isaac.manipulators has been deprecated in favor of isaacsim.robot.manipulators. Please update your code accordingly.
2026-05-13T00:42:08Z [2,989ms] [Warning] [omni.isaac.manipulators.grippers.gripper] omni.isaac.manipulators has been deprecated in favor of isaacsim.robot.manipulators. Please update your code accordingly.
2026-05-13T00:42:08Z [2,990ms] [Warning] [omni.isaac.manipulators.grippers.parallel_gripper] omni.isaac.manipulators has been deprecated in favor of isaacsim.robot.manipulators. Please update your code accordingly.
2026-05-13T00:42:08Z [2,990ms] [Warning] [omni.isaac.manipulators.grippers.surface_gripper] omni.isaac.manipulators has been deprecated in favor of isaacsim.robot.manipulators. Please update your code accordingly.
2026-05-13T00:42:08Z [2,990ms] [Warning] [omni.isaac.manipulators.manipulators] omni.isaac.manipulators has been deprecated in favor of isaacsim.robot.manipulators. Please update your code accordingly.
2026-05-13T00:42:08Z [2,990ms] [Warning] [omni.isaac.manipulators.manipulators.single_manipulator] omni.isaac.manipulators has been deprecated in favor of isaacsim.robot.manipulators. Please update your code accordingly.
[2.999s] [ext: omni.isaac.lula_test_widget-1.0.6] startup
2026-05-13T00:42:08Z [2,991ms] [Warning] [omni.isaac.lula_test_widget] omni.isaac.lula_test_widget has been deprecated in favor of isaacsim.robot_motion.lula_test_widget. Please update your code accordingly.
[3.001s] [ext: omni.isaac.asset_browser-1.0.6] startup
2026-05-13T00:42:08Z [2,993ms] [Warning] [omni.isaac.asset_browser] omni.isaac.asset_browser has been deprecated in favor of isaacsim.asset.browser. Please update your code accordingly.
[3.003s] [ext: omni.kit.viewport.menubar.display-107.0.3] startup
[3.006s] [ext: omni.isaac.menu-1.0.6] startup
2026-05-13T00:42:08Z [2,998ms] [Warning] [omni.isaac.menu] omni.isaac.menu has been deprecated in favor of isaacsim.gui.menu. Please update your code accordingly.
[3.007s] [ext: omni.isaac.motion_generation-8.0.7] startup
2026-05-13T00:42:08Z [2,999ms] [Warning] [omni.isaac.motion_generation] omni.isaac.motion_generation has been deprecated in favor of isaacsim.robot_motion.motion_generation. Please update your code accordingly.
2026-05-13T00:42:08Z [2,999ms] [Warning] [omni.isaac.motion_generation.articulation_kinematics_solver] omni.isaac.motion_generation has been deprecated in favor of isaacsim.robot_motion.motion_generation. Please update your code accordingly.
2026-05-13T00:42:08Z [2,999ms] [Warning] [omni.isaac.motion_generation.articulation_motion_policy] omni.isaac.motion_generation has been deprecated in favor of isaacsim.robot_motion.motion_generation. Please update your code accordingly.
2026-05-13T00:42:08Z [3,001ms] [Warning] [omni.isaac.motion_generation.articulation_trajectory] omni.isaac.motion_generation has been deprecated in favor of isaacsim.robot_motion.motion_generation. Please update your code accordingly.
2026-05-13T00:42:08Z [3,001ms] [Warning] [omni.isaac.motion_generation.kinematics_interface] omni.isaac.motion_generation has been deprecated in favor of isaacsim.robot_motion.motion_generation. Please update your code accordingly.
2026-05-13T00:42:08Z [3,001ms] [Warning] [omni.isaac.motion_generation.lula] omni.isaac.motion_generation has been deprecated in favor of isaacsim.robot_motion.motion_generation. Please update your code accordingly.
2026-05-13T00:42:08Z [3,001ms] [Warning] [omni.isaac.motion_generation.lula.kinematics] omni.isaac.motion_generation has been deprecated in favor of isaacsim.robot_motion.motion_generation. Please update your code accordingly.
2026-05-13T00:42:08Z [3,001ms] [Warning] [omni.isaac.motion_generation.lula.motion_policies] omni.isaac.motion_generation has been deprecated in favor of isaacsim.robot_motion.motion_generation. Please update your code accordingly.
2026-05-13T00:42:08Z [3,001ms] [Warning] [omni.isaac.motion_generation.lula.path_planners] omni.isaac.motion_generation has been deprecated in favor of isaacsim.robot_motion.motion_generation. Please update your code accordingly.
2026-05-13T00:42:08Z [3,001ms] [Warning] [omni.isaac.motion_generation.lula.trajectory_generator] omni.isaac.motion_generation has been deprecated in favor of isaacsim.robot_motion.motion_generation. Please update your code accordingly.
2026-05-13T00:42:08Z [3,001ms] [Warning] [omni.isaac.motion_generation.motion_policy_controller] omni.isaac.motion_generation has been deprecated in favor of isaacsim.robot_motion.motion_generation. Please update your code accordingly.
2026-05-13T00:42:08Z [3,001ms] [Warning] [omni.isaac.motion_generation.motion_policy_interface] omni.isaac.motion_generation has been deprecated in favor of isaacsim.robot_motion.motion_generation. Please update your code accordingly.
2026-05-13T00:42:08Z [3,001ms] [Warning] [omni.isaac.motion_generation.path_planner_visualizer] omni.isaac.motion_generation has been deprecated in favor of isaacsim.robot_motion.motion_generation. Please update your code accordingly.
2026-05-13T00:42:08Z [3,001ms] [Warning] [omni.isaac.motion_generation.path_planning_interface] omni.isaac.motion_generation has been deprecated in favor of isaacsim.robot_motion.motion_generation. Please update your code accordingly.
2026-05-13T00:42:08Z [3,001ms] [Warning] [omni.isaac.motion_generation.trajectory] omni.isaac.motion_generation has been deprecated in favor of isaacsim.robot_motion.motion_generation. Please update your code accordingly.
2026-05-13T00:42:08Z [3,001ms] [Warning] [omni.isaac.motion_generation.world_interface] omni.isaac.motion_generation has been deprecated in favor of isaacsim.robot_motion.motion_generation. Please update your code accordingly.
[3.011s] [ext: omni.isaac.assets_check-0.3.13] startup
2026-05-13T00:42:08Z [3,002ms] [Warning] [omni.isaac.assets_check] omni.isaac.assets_check has been deprecated in favor of isaacsim.asset.browser. Please update your code accordingly.
[3.012s] [ext: isaacsim.gui.sensors.icon-2.0.3] startup
[3.020s] [ext: isaacsim.asset.importer.mjcf-2.5.13] startup
[3.024s] [ext: omni.sensors.nv.common-3.0.0] startup
[3.031s] [ext: isaacsim.sensors.physics-0.4.3] startup
[3.035s] [ext: omni.sensors.net-1.0.0] startup
[3.038s] [ext: omni.isaac.nucleus-1.0.6] startup
2026-05-13T00:42:08Z [3,029ms] [Warning] [omni.isaac.nucleus] omni.isaac.nucleus has been deprecated in favor of isaacsim.storage.native. Please update your code accordingly.
2026-05-13T00:42:08Z [3,029ms] [Warning] [omni.isaac.nucleus.nucleus] omni.isaac.nucleus.nucleus has been deprecated in favor of isaacsim.storage.native. Please update your code accordingly.
[3.039s] [ext: omni.sensors.nv.materials-2.0.0] startup
[3.042s] [ext: isaacsim.robot.policy.examples-4.1.11] startup
[3.046s] [ext: omni.sensors.nv.wpm-3.0.0] startup
[3.047s] [ext: omni.sensors.nv.lidar-3.0.0] startup
[3.051s] [ext: isaacsim.util.debug_draw-3.1.0] startup
[3.053s] [ext: omni.sensors.nv.radar-3.0.0] startup
[3.056s] [ext: omni.sensors.nv.ids-2.0.0] startup
[3.057s] [ext: isaacsim.core.cloner-1.4.10] startup
[3.058s] [ext: isaacsim.sensors.physx-2.3.2] startup
[3.061s] [ext: isaacsim.sensors.rtx-15.8.4] startup
[3.066s] [ext: isaacsim.sensors.camera-1.3.6] startup
[3.074s] [ext: omni.isaac.quadruped-3.0.7] startup
2026-05-13T00:42:08Z [3,066ms] [Warning] [omni.isaac.quadruped] omni.isaac.quadruped has been deprecated in favor of isaacsim.robot.policy.examples. Please update your code accordingly.
[3.077s] [ext: omni.isaac.cloner-1.0.7] startup
2026-05-13T00:42:08Z [3,068ms] [Warning] [omni.isaac.cloner] omni.isaac.cloner has been deprecated in favor of isaacsim.core.cloner. Please update your code accordingly.
[3.079s] [ext: omni.isaac.range_sensor-4.0.6] startup
2026-05-13T00:42:08Z [3,072ms] [Warning] [omni.isaac.range_sensor] omni.isaac.range_sensor has been deprecated in favor of isaacsim.sensors.physx. Please update your code accordingly.
2026-05-13T00:42:08Z [3,072ms] [Warning] [omni.isaac.range_sensor.commands] omni.isaac.range_sensor.commands has been deprecated in favor of isaacsim.sensors.physx.commands. Please update your code accordingly.
[3.083s] [ext: omni.isaac.sensor-13.0.7] startup
2026-05-13T00:42:08Z [3,074ms] [Warning] [omni.isaac.sensor] omni.isaac.sensor has been deprecated in favor of isaacsim.sensors.camera, isaacsim.sensors.physics, isaacsim.sensors.physx, and isaacsim.sensors.rtx. Please update your code accordingly.
2026-05-13T00:42:08Z [3,075ms] [Warning] [omni.isaac.sensor.camera] omni.isaac.sensor.camera has been deprecated in favor of isaacsim.sensors.camera.camera. Please update your code accordingly.
2026-05-13T00:42:08Z [3,075ms] [Warning] [omni.isaac.sensor.camera_view] omni.isaac.sensor.camera_view has been deprecated in favor of isaacsim.sensors.camera.camera_view. Please update your code accordingly.
2026-05-13T00:42:08Z [3,076ms] [Warning] [omni.isaac.sensor.commands] omni.isaac.sensor.commands has been deprecated in favor of isaacsim.sensors.physics.commands, isaacsim.sensors.physx.commands, and isaacsim.sensors.rtx.commands. Please update your code accordingly.
2026-05-13T00:42:08Z [3,076ms] [Warning] [omni.isaac.sensor.contact_sensor] omni.isaac.sensor.contact_sensor has been deprecated in favor of isaacsim.sensors.physics.contact_sensor. Please update your code accordingly.
2026-05-13T00:42:08Z [3,076ms] [Warning] [omni.isaac.sensor.imu_sensor] omni.isaac.sensor.imu_sensor has been deprecated in favor of isaacsim.sensors.physics.imu_sensor. Please update your code accordingly.
2026-05-13T00:42:08Z [3,076ms] [Warning] [omni.isaac.sensor.lidar_rtx] omni.isaac.sensor.lidar_rtx has been deprecated in favor of isaacsim.sensors.rtx.lidar_rtx. Please update your code accordingly.
2026-05-13T00:42:08Z [3,076ms] [Warning] [omni.isaac.sensor.rotating_lidar_physX] omni.isaac.sensor.imu_sensor has been deprecated in favor of isaacsim.sensors.physix.rotating_lidar_physX. Please update your code accordingly.
2026-05-13T00:42:08Z [3,076ms] [Warning] [omni.isaac.sensor.scripts.samples.contact_sensor] omni.isaac.sensor.scripts.samples.contact_sensor has been deprecated in favor of isaacsim.sensors.physics.scripts.samples.contact_sensor. Please update your code accordingly.
2026-05-13T00:42:08Z [3,076ms] [Warning] [omni.isaac.sensor.scripts.samples.imu_sensor] omni.isaac.sensor.scripts.samples.imu_sensor has been deprecated in favor of isaacsim.sensors.physics.scripts.samples.imu_sensor. Please update your code accordingly.
2026-05-13T00:42:08Z [3,076ms] [Warning] [omni.isaac.sensor.scripts.samples.lightbeam_sensor] omni.isaac.sensor.scripts.samples.lightbeam_sensor has been deprecated in favor of isaacsim.sensors.physx.scripts.samples.lightbeam_sensor. Please update your code accordingly.
[3.086s] [ext: omni.kit.menu.create-2.0.1] startup
[3.088s] [ext: omni.kit.widget.toolbar-2.0.1] startup
[3.098s] [ext: omni.kit.manipulator.transform-107.0.0] startup
[3.101s] [ext: omni.isaac.core-4.0.7] startup
2026-05-13T00:42:08Z [3,092ms] [Warning] [omni.isaac.core.physics_context.physics_context] omni.isaac.core.physics_context.physics_context has been deprecated in favor of isaacsim.core.api.physics_context.physics_context. Please update your code accordingly.
2026-05-13T00:42:08Z [3,093ms] [Warning] [omni.isaac.core.simulation_context.simulation_context] omni.isaac.core.simulation_context.simulation_context has been deprecated in favor of isaacsim.core.api.simulation_context.simulation_context. Please update your code accordingly.
2026-05-13T00:42:08Z [3,093ms] [Warning] [omni.isaac.core.world.world] omni.isaac.core.world.world has been deprecated in favor of isaacsim.core.api.world.world. Please update your code accordingly.
2026-05-13T00:42:08Z [3,093ms] [Warning] [omni.isaac.core] omni.isaac.core has been deprecated in favor of isaacsim.core.api. Please update your code accordingly.
[3.102s] [ext: omni.kit.scripting-107.3.2] startup
[3.107s] [ext: omni.kit.manipulator.tool.snap-1.5.13] startup
[3.110s] [ext: omni.kit.manipulator.selector-1.1.3] startup
[3.111s] [ext: isaacsim.app.about-2.0.11] startup
[3.115s] [ext: isaacsim.replicator.behavior-1.1.16] startup
[3.115s] [ext: omni.kit.viewport.manipulator.transform-107.0.4] startup
[3.118s] [ext: omni.isaac.window.about-2.0.7] startup
2026-05-13T00:42:08Z [3,109ms] [Warning] [omni.isaac.window.about] omni.isaac.window.about has been deprecated in favor of isaacsim.app.about. Please update your code accordingly.
2026-05-13T00:42:08Z [3,110ms] [Warning] [omni.isaac.window.about.about] omni.isaac.window.about.about has been deprecated in favor of isaacsim.app.about.about. Please update your code accordingly.
[3.119s] [ext: omni.fabric.commands-1.1.6] startup
[3.121s] [ext: omni.kit.manipulator.prim.core-107.0.8] startup
[3.125s] [ext: omni.kit.property.audio-1.0.16] startup
[3.126s] [ext: omni.kit.property.camera-1.0.10] startup
[3.128s] [ext: omni.kit.property.geometry-2.0.4] startup
[3.130s] [ext: omni.hydra.scene_api-0.1.2] startup
[3.133s] [ext: omni.kit.property.light-1.0.12] startup
[3.141s] [ext: omni.kit.manipulator.prim.fabric-107.0.4] startup
[3.142s] [ext: omni.kit.manipulator.prim.usd-107.0.3] startup
[3.144s] [ext: omni.kit.property.material-1.11.9] startup
[3.147s] [ext: omni.kit.property.render-1.2.1] startup
[3.149s] [ext: omni.kit.property.transform-1.5.13] startup
[3.151s] [ext: isaacsim.gui.property-1.1.3] startup
[3.153s] [ext: omni.kit.manipulator.camera-106.0.4] startup
[3.156s] [ext: omni.kit.manipulator.prim-107.0.0] startup
[3.156s] [ext: omni.isaac.surface_gripper-2.0.6] startup
2026-05-13T00:42:08Z [3,147ms] [Warning] [omni.isaac.surface_gripper] omni.isaac.surface_gripper has been deprecated in favor of isaacsim.robot.surface_gripper. Please update your code accordingly.
[3.157s] [ext: omni.kit.manipulator.selection-106.0.1] startup
[3.159s] [ext: omni.kit.property.bundle-1.4.1] startup
[3.160s] [ext: omni.kit.property.isaac-1.0.6] startup
2026-05-13T00:42:08Z [3,151ms] [Warning] [omni.kit.property.isaac] omni.kit.property.isaac has been deprecated in favor of isaacsim.gui.property. Please update your code accordingly.
2026-05-13T00:42:08Z [3,151ms] [Warning] [omni.kit.property.isaac.widgets] omni.kit.property.isaac.widgets has been deprecated in favor of isaacsim.gui.property.widgets. Please update your code accordingly.
[3.161s] [ext: omni.isaac.universal_robots-1.0.6] startup
2026-05-13T00:42:08Z [3,153ms] [Warning] [omni.isaac.universal_robots] omni.isaac.universal_robots has been deprecated in favor of isaacsim.robot.manipulators.examples.universal_robots. Please update your code accordingly.
2026-05-13T00:42:08Z [3,153ms] [Warning] [omni.isaac.universal_robots.kinematics_solver] omni.isaac.franka has been deprecated in favor of isaacsim.robot.manipulators.examples.universal_robots. Please update your code accordingly.
2026-05-13T00:42:08Z [3,154ms] [Warning] [omni.isaac.universal_robots.ur10] omni.isaac.franka has been deprecated in favor of isaacsim.robot.manipulators.examples.universal_robots. Please update your code accordingly.
[3.163s] [ext: omni.isaac.core_nodes-2.0.6] startup
2026-05-13T00:42:08Z [3,156ms] [Warning] [omni.isaac.core_nodes] omni.isaac.core_nodes has been deprecated in favor of isaacsim.core.nodes. Please update your code accordingly.
[3.165s] [ext: omni.kit.viewport.menubar.camera-107.0.6] startup
[3.172s] [ext: omni.kit.viewport.menubar.lighting-107.3.1] startup
[3.174s] [ext: isaacsim.replicator.writers-1.0.17] startup
[3.182s] [ext: omni.kit.viewport.menubar.render-107.0.10] startup
[3.185s] [ext: omni.kit.viewport.menubar.settings-107.0.3] startup
[3.189s] [ext: omni.kit.window.console-1.1.4] startup
[3.194s] [ext: isaacsim.replicator.domain_randomization-1.0.16] startup
[3.196s] [ext: isaacsim.replicator.examples-1.3.6] startup
[3.198s] [ext: omni.ocio-0.1.1] startup
[3.200s] [ext: omni.rtx.window.settings-0.6.19] startup
[3.206s] [ext: omni.kit.window.status_bar-0.1.9] startup
[3.209s] [ext: omni.kit.window.toolbar-2.0.0] startup
[3.215s] [ext: omni.replicator.isaac-2.0.8] startup
2026-05-13T00:42:08Z [3,207ms] [Warning] [omni.replicator.isaac] omni.replicator.isaac has been deprecated in favor of isaacsim.replicator.domain_randomization, isaacsim.replicator.examples, isaacsim.replicator.writers. Please update your code accordingly.
[3.217s] [ext: omni.replicator.replicator_yaml-2.0.11] startup
[3.224s] [ext: omni.rtx.settings.core-0.6.5] startup
[3.228s] [ext: omni.usd.metrics.assembler.ui-107.3.1] startup
[3.237s] [ext: omni.isaac.utils-2.0.6] startup
[3.240s] [ext: semantics.schema.editor-2.0.2] startup
[3.242s] [ext: omni.kit.ui.actions-1.0.5] startup
[3.243s] [ext: semantics.schema.property-2.0.1] startup
[3.244s] [ext: omni.isaac.version-2.0.7] startup
2026-05-13T00:42:08Z [3,235ms] [Warning] [omni.isaac.version] omni.isaac.version has been deprecated in favor of isaacsim.core.version. Please update your code accordingly.
[3.245s] [ext: omni.isaac.cortex-1.0.5] startup
[3.246s] [ext: omni.anim.curve.core-1.3.1] startup
[3.252s] [ext: isaacsim.core.throttling-2.2.2] startup
[3.254s] [ext: omni.kit.menu.common-2.0.1] startup
[3.255s] [ext: isaacsim.exp.base-5.1.0] startup
[3.256s] [ext: isaacsim.exp.base.python-5.1.0] startup
[3.257s] Simulation App Starting
2026-05-13T00:42:09Z [3,686ms] [Warning] [omni.fabric.plugin] Warning: attribute viewportHandle not found for bucket id 9

[3.815s] app ready
[7.054s] Simulation App Startup Complete
[93m[Lula] Joint 'panda_finger_joint2' is specified as a mimic joint, but its control chain ['panda_finger_joint2' -> 'panda_finger_joint1'] terminates with a joint ['panda_finger_joint1'] that is not a c-space coordinate. Mimic attributes will be ignored.
[0m[93m[Lula] Joint 'panda_finger_joint2' is specified as a mimic joint, but its control chain ['panda_finger_joint2' -> 'panda_finger_joint1'] terminates with a joint ['panda_finger_joint1'] that is not a c-space coordinate. Mimic attributes will be ignored.
[0m[25.875s] Simulation App Shutting Down
